<?xml version="1.0" encoding="UTF-8"?>
<testng-results ignored="0" total="2" passed="2" failed="0" skipped="0">
  <reporter-output>
  </reporter-output>
  <suite started-at="2023-06-09T13:58:18 IST" name="Default suite" finished-at="2023-06-09T13:59:15 IST" duration-ms="57746">
    <groups>
      <group name="cucumber">
        <method signature="AbstractTestNGCucumberTests.runScenario(io.cucumber.testng.PickleWrapper,io.cucumber.testng.FeatureWrapper)[pri:0, instance:runner.TestRunner@25ce9dc4]" name="runScenario" class="io.cucumber.testng.AbstractTestNGCucumberTests"/>
      </group> <!-- cucumber -->
    </groups>
    <test started-at="2023-06-09T13:58:18 IST" name="Default test" finished-at="2023-06-09T13:59:15 IST" duration-ms="57746">
      <class name="runner.TestRunner">
        <test-method is-config="true" signature="setUpClass(org.testng.ITestContext)[pri:0, instance:runner.TestRunner@25ce9dc4]" started-at="2023-06-09T13:58:18 IST" name="setUpClass" finished-at="2023-06-09T13:58:20 IST" duration-ms="1815" status="PASS">
          <params>
            <param index="0">
              <value>
                <![CDATA[org.testng.TestRunner@748d2277]]>
              </value>
            </param>
          </params>
          <reporter-output>
          </reporter-output>
        </test-method> <!-- setUpClass -->
        <test-method signature="runScenario(io.cucumber.testng.PickleWrapper,io.cucumber.testng.FeatureWrapper)[pri:0, instance:runner.TestRunner@25ce9dc4]" started-at="2023-06-09T13:58:20 IST" name="runScenario" description="Runs Cucumber Scenarios" data-provider="scenarios" finished-at="2023-06-09T13:58:58 IST" duration-ms="38035" status="PASS">
          <params>
            <param index="0">
              <value>
                <![CDATA["Verify User able to open URL and landed into Homepage"]]>
              </value>
            </param>
            <param index="1">
              <value>
                <![CDATA["Homepage Feature"]]>
              </value>
            </param>
          </params>
          <reporter-output>
          </reporter-output>
        </test-method> <!-- runScenario -->
        <test-method signature="runScenario(io.cucumber.testng.PickleWrapper,io.cucumber.testng.FeatureWrapper)[pri:0, instance:runner.TestRunner@25ce9dc4]" started-at="2023-06-09T13:58:58 IST" name="runScenario" description="Runs Cucumber Scenarios" data-provider="scenarios" finished-at="2023-06-09T13:59:15 IST" duration-ms="17784" status="PASS">
          <params>
            <param index="0">
              <value>
                <![CDATA["Verify Bus Tickets link is visible"]]>
              </value>
            </param>
            <param index="1">
              <value>
                <![CDATA["Homepage Feature"]]>
              </value>
            </param>
          </params>
          <reporter-output>
          </reporter-output>
        </test-method> <!-- runScenario -->
        <test-method is-config="true" signature="tearDownClass()[pri:0, instance:runner.TestRunner@25ce9dc4]" started-at="2023-06-09T13:59:15 IST" name="tearDownClass" finished-at="2023-06-09T13:59:15 IST" duration-ms="4" status="PASS">
          <reporter-output>
          </reporter-output>
        </test-method> <!-- tearDownClass -->
      </class> <!-- runner.TestRunner -->
    </test> <!-- Default test -->
  </suite> <!-- Default suite -->
</testng-results>
